<?xml version="1.0" encoding="UTF-8"?>
<!-- Generated by org.testng.reporters.JUnitReportReporter -->
<testsuite hostname="LAPTOP-DKDN7EJD" failures="0" tests="3" name="com.crm.qa.testcases.ElementsTest" time="18.350" errors="0" timestamp="10 May 2022 04:55:39 GMT" skipped="0">
  <testcase classname="com.crm.qa.testcases.ElementsTest" name="alertTest" time="6.744"/>
  <testcase classname="com.crm.qa.testcases.ElementsTest" name="checkBoxTest" time="5.817"/>
  <testcase classname="com.crm.qa.testcases.ElementsTest" name="userRegistrationTest" time="5.789"/>
</testsuite> <!-- com.crm.qa.testcases.ElementsTest -->
